  [1m[36m (1.3ms)[0m  [1mCREATE TABLE "schema_migrations" ("version" varchar NOT NULL) [0m
  [1m[35m (0.1ms)[0m  select sqlite_version(*)
  [1m[36m (1.0ms)[0m  [1mCREATE UNIQUE INDEX "unique_schema_migrations" ON "schema_migrations" ("version")[0m
  [1m[35mActiveRecord::SchemaMigration Load (0.1ms)[0m  SELECT "schema_migrations".* FROM "schema_migrations"
Migrating to CreatePosts (20140310213347)
  [1m[36m (0.1ms)[0m  [1mbegin transaction[0m
  [1m[35m (0.5ms)[0m  CREATE TABLE "posts" ("id" INTEGER PRIMARY KEY AUTOINCREMENT NOT NULL, "name" varchar, "content" text, "created_at" datetime NOT NULL, "updated_at" datetime NOT NULL) 
  [1m[36mSQL (0.2ms)[0m  [1mINSERT INTO "schema_migrations" ("version") VALUES (?)[0m  [["version", "20140310213347"]]
  [1m[35m (0.7ms)[0m  commit transaction
  [1m[36mActiveRecord::SchemaMigration Load (0.1ms)[0m  [1mSELECT "schema_migrations".* FROM "schema_migrations"[0m
  [1m[36mActiveRecord::SchemaMigration Load (0.4ms)[0m  [1mSELECT "schema_migrations".* FROM "schema_migrations"[0m
Migrating to CreateUsers (20150901135944)
  [1m[35m (0.1ms)[0m  begin transaction
  [1m[36m (0.5ms)[0m  [1mCREATE TABLE "users" ("id" INTEGER PRIMARY KEY AUTOINCREMENT NOT NULL, "name" varchar, "created_at" datetime NOT NULL, "updated_at" datetime NOT NULL) [0m
  [1m[35mSQL (0.2ms)[0m  INSERT INTO "schema_migrations" ("version") VALUES (?)  [["version", "20150901135944"]]
  [1m[36m (0.8ms)[0m  [1mcommit transaction[0m
Migrating to CreateTags (20150902173732)
  [1m[35m (0.1ms)[0m  begin transaction
  [1m[36m (0.4ms)[0m  [1mCREATE TABLE "tags" ("id" INTEGER PRIMARY KEY AUTOINCREMENT NOT NULL, "name" varchar, "created_at" datetime NOT NULL, "updated_at" datetime NOT NULL) [0m
  [1m[35mSQL (0.2ms)[0m  INSERT INTO "schema_migrations" ("version") VALUES (?)  [["version", "20150902173732"]]
  [1m[36m (0.9ms)[0m  [1mcommit transaction[0m
Migrating to CreatePostTags (20150902174414)
  [1m[35m (0.1ms)[0m  begin transaction
  [1m[36m (0.5ms)[0m  [1mCREATE TABLE "post_tags" ("id" INTEGER PRIMARY KEY AUTOINCREMENT NOT NULL, "tag_id" integer, "post_id" integer, "created_at" datetime NOT NULL, "updated_at" datetime NOT NULL) [0m
  [1m[35m (0.1ms)[0m  select sqlite_version(*)
  [1m[36m (0.1ms)[0m  [1mCREATE  INDEX "index_post_tags_on_tag_id" ON "post_tags" ("tag_id")[0m
  [1m[35m (0.1ms)[0m              SELECT sql
            FROM sqlite_master
            WHERE name='index_post_tags_on_tag_id' AND type='index'
            UNION ALL
            SELECT sql
            FROM sqlite_temp_master
            WHERE name='index_post_tags_on_tag_id' AND type='index'

  [1m[36m (0.1ms)[0m  [1mCREATE  INDEX "index_post_tags_on_post_id" ON "post_tags" ("post_id")[0m
  [1m[35mSQL (0.1ms)[0m  INSERT INTO "schema_migrations" ("version") VALUES (?)  [["version", "20150902174414"]]
  [1m[36m (0.8ms)[0m  [1mcommit transaction[0m
  [1m[35mActiveRecord::SchemaMigration Load (0.1ms)[0m  SELECT "schema_migrations".* FROM "schema_migrations"
  [1m[36m (0.1ms)[0m  [1m            SELECT sql
            FROM sqlite_master
            WHERE name='index_post_tags_on_post_id' AND type='index'
            UNION ALL
            SELECT sql
            FROM sqlite_temp_master
            WHERE name='index_post_tags_on_post_id' AND type='index'
[0m
  [1m[35m (0.1ms)[0m              SELECT sql
            FROM sqlite_master
            WHERE name='index_post_tags_on_tag_id' AND type='index'
            UNION ALL
            SELECT sql
            FROM sqlite_temp_master
            WHERE name='index_post_tags_on_tag_id' AND type='index'

  [1m[36mActiveRecord::SchemaMigration Load (0.4ms)[0m  [1mSELECT "schema_migrations".* FROM "schema_migrations"[0m
Migrating to AddUserToPosts (20150902175519)
  [1m[35m (0.1ms)[0m  begin transaction
  [1m[36m (0.5ms)[0m  [1mALTER TABLE "posts" ADD "user_id" integer[0m
  [1m[35m (0.1ms)[0m  select sqlite_version(*)
  [1m[36m (0.4ms)[0m  [1mCREATE  INDEX "index_posts_on_user_id" ON "posts" ("user_id")[0m
  [1m[35mSQL (0.2ms)[0m  INSERT INTO "schema_migrations" ("version") VALUES (?)  [["version", "20150902175519"]]
  [1m[36m (0.8ms)[0m  [1mcommit transaction[0m
  [1m[35mActiveRecord::SchemaMigration Load (0.1ms)[0m  SELECT "schema_migrations".* FROM "schema_migrations"
  [1m[36m (0.1ms)[0m  [1m            SELECT sql
            FROM sqlite_master
            WHERE name='index_post_tags_on_post_id' AND type='index'
            UNION ALL
            SELECT sql
            FROM sqlite_temp_master
            WHERE name='index_post_tags_on_post_id' AND type='index'
[0m
  [1m[35m (0.1ms)[0m              SELECT sql
            FROM sqlite_master
            WHERE name='index_post_tags_on_tag_id' AND type='index'
            UNION ALL
            SELECT sql
            FROM sqlite_temp_master
            WHERE name='index_post_tags_on_tag_id' AND type='index'

  [1m[36m (0.2ms)[0m  [1m            SELECT sql
            FROM sqlite_master
            WHERE name='index_posts_on_user_id' AND type='index'
            UNION ALL
            SELECT sql
            FROM sqlite_temp_master
            WHERE name='index_posts_on_user_id' AND type='index'
[0m


Started GET "/" for ::1 at 2015-09-02 14:10:33 -0400
  [1m[36mActiveRecord::SchemaMigration Load (0.7ms)[0m  [1mSELECT "schema_migrations".* FROM "schema_migrations"[0m
Processing by Rails::WelcomeController#index as HTML
  Rendered /Users/gabrieleoconnor/.rvm/gems/ruby-2.2.0/gems/railties-4.2.0/lib/rails/templates/rails/welcome/index.html.erb (1.8ms)
Completed 200 OK in 15ms (Views: 14.6ms | ActiveRecord: 0.0ms)


Started GET "/" for ::1 at 2015-09-02 14:13:28 -0400
Processing by Rails::WelcomeController#index as HTML
  Rendered /Users/gabrieleoconnor/.rvm/gems/ruby-2.2.0/gems/railties-4.2.0/lib/rails/templates/rails/welcome/index.html.erb (0.0ms)
Completed 200 OK in 2ms (Views: 1.6ms | ActiveRecord: 0.0ms)


Started GET "/posts/new" for ::1 at 2015-09-02 14:13:31 -0400

ActionController::RoutingError (No route matches [GET] "/posts/new"):
  actionpack (4.2.0) lib/action_dispatch/middleware/debug_exceptions.rb:21:in `call'
  actionpack (4.2.0) lib/action_dispatch/middleware/show_exceptions.rb:30:in `call'
  railties (4.2.0) lib/rails/rack/logger.rb:38:in `call_app'
  railties (4.2.0) lib/rails/rack/logger.rb:20:in `block in call'
  activesupport (4.2.0) lib/active_support/tagged_logging.rb:68:in `block in tagged'
  activesupport (4.2.0) lib/active_support/tagged_logging.rb:26:in `tagged'
  activesupport (4.2.0) lib/active_support/tagged_logging.rb:68:in `tagged'
  railties (4.2.0) lib/rails/rack/logger.rb:20:in `call'
  actionpack (4.2.0) lib/action_dispatch/middleware/request_id.rb:21:in `call'
  rack (1.6.0) lib/rack/methodoverride.rb:22:in `call'
  rack (1.6.0) lib/rack/runtime.rb:18:in `call'
  activesupport (4.2.0) lib/active_support/cache/strategy/local_cache_middleware.rb:28:in `call'
  rack (1.6.0) lib/rack/lock.rb:17:in `call'
  actionpack (4.2.0) lib/action_dispatch/middleware/static.rb:113:in `call'
  rack (1.6.0) lib/rack/sendfile.rb:113:in `call'
  railties (4.2.0) lib/rails/engine.rb:518:in `call'
  railties (4.2.0) lib/rails/application.rb:164:in `call'
  rack (1.6.0) lib/rack/lock.rb:17:in `call'
  rack (1.6.0) lib/rack/content_length.rb:15:in `call'
  rack (1.6.0) lib/rack/handler/webrick.rb:89:in `service'
  /Users/gabrieleoconnor/.rvm/rubies/ruby-2.2.0/lib/ruby/2.2.0/webrick/httpserver.rb:138:in `service'
  /Users/gabrieleoconnor/.rvm/rubies/ruby-2.2.0/lib/ruby/2.2.0/webrick/httpserver.rb:94:in `run'
  /Users/gabrieleoconnor/.rvm/rubies/ruby-2.2.0/lib/ruby/2.2.0/webrick/server.rb:294:in `block in start_thread'


  Rendered /Users/gabrieleoconnor/.rvm/gems/ruby-2.2.0/gems/actionpack-4.2.0/lib/action_dispatch/middleware/templates/rescues/_trace.html.erb (1.0ms)
  Rendered /Users/gabrieleoconnor/.rvm/gems/ruby-2.2.0/gems/actionpack-4.2.0/lib/action_dispatch/middleware/templates/routes/_table.html.erb (12.1ms)
  Rendered /Users/gabrieleoconnor/.rvm/gems/ruby-2.2.0/gems/actionpack-4.2.0/lib/action_dispatch/middleware/templates/rescues/_request_and_response.html.erb (11.3ms)
  Rendered /Users/gabrieleoconnor/.rvm/gems/ruby-2.2.0/gems/actionpack-4.2.0/lib/action_dispatch/middleware/templates/rescues/routing_error.html.erb within rescues/layout (73.7ms)


Started GET "/posts/new" for ::1 at 2015-09-02 14:14:52 -0400
Processing by PostsController#new as HTML
  Rendered posts/_form.html.erb (13.7ms)
  Rendered posts/new.html.erb within layouts/application (17.1ms)
Completed 200 OK in 276ms (Views: 263.9ms | ActiveRecord: 0.5ms)


Started GET "/assets/posts.css?body=1" for ::1 at 2015-09-02 14:14:53 -0400


Started GET "/assets/application.css?body=1" for ::1 at 2015-09-02 14:14:53 -0400


Started GET "/assets/scaffolds.css?body=1" for ::1 at 2015-09-02 14:14:53 -0400


Started GET "/assets/application.js?body=1" for ::1 at 2015-09-02 14:14:53 -0400


Started GET "/assets/jquery.js?body=1" for ::1 at 2015-09-02 14:14:53 -0400


Started GET "/assets/posts.js?body=1" for ::1 at 2015-09-02 14:14:53 -0400


Started GET "/assets/jquery_ujs.js?body=1" for ::1 at 2015-09-02 14:14:53 -0400


Started POST "/posts" for ::1 at 2015-09-02 14:15:16 -0400
Processing by PostsController#create as HTML
  Parameters: {"utf8"=>"✓", "authenticity_token"=>"1V3uDlRZDmzYX3djKwNcFYsrlWWaCulov+SRD1Pyg6w9vC0lwzqXmHVEBnHx7jKhkQxn1n19M33teEl8VxYhIQ==", "post"=>{"name"=>"My post", "content"=>"This is my content"}, "commit"=>"Create Post"}
Unpermitted parameter: content
  [1m[35m (0.1ms)[0m  begin transaction
  [1m[36m (0.1ms)[0m  [1mrollback transaction[0m
  Rendered posts/_form.html.erb (2.3ms)
  Rendered posts/new.html.erb within layouts/application (3.7ms)
Completed 200 OK in 13ms (Views: 9.5ms | ActiveRecord: 0.1ms)


Started POST "/posts" for ::1 at 2015-09-02 14:15:25 -0400
Processing by PostsController#create as HTML
  Parameters: {"utf8"=>"✓", "authenticity_token"=>"/24VhmuoTw5a5ypZ8yCFpWVTmk9cQMFxnWGAUoiYrfMXj9at/MvW+vf8W0spzesRf3Ro/Ls3G2TP/VghjHwPfg==", "post"=>{"name"=>"My post", "content"=>"not blank"}, "commit"=>"Create Post"}
Unpermitted parameter: content
  [1m[35m (0.1ms)[0m  begin transaction
  [1m[36m (0.1ms)[0m  [1mrollback transaction[0m
  Rendered posts/_form.html.erb (1.6ms)
  Rendered posts/new.html.erb within layouts/application (2.6ms)
Completed 200 OK in 12ms (Views: 8.0ms | ActiveRecord: 0.1ms)


Started POST "/posts" for ::1 at 2015-09-02 14:15:59 -0400
Processing by PostsController#create as HTML
  Parameters: {"utf8"=>"✓", "authenticity_token"=>"/24VhmuoTw5a5ypZ8yCFpWVTmk9cQMFxnWGAUoiYrfMXj9at/MvW+vf8W0spzesRf3Ro/Ls3G2TP/VghjHwPfg==", "post"=>{"name"=>"My post", "content"=>"not blank"}, "commit"=>"Create Post"}
Unpermitted parameter: content
  [1m[35m (0.1ms)[0m  begin transaction
  [1m[36m (0.0ms)[0m  [1mrollback transaction[0m
  Rendered posts/_form.html.erb (1.9ms)
  Rendered posts/new.html.erb within layouts/application (3.3ms)
Completed 200 OK in 13ms (Views: 9.6ms | ActiveRecord: 0.1ms)


Started GET "/assets/application.css?body=1" for ::1 at 2015-09-02 14:15:59 -0400


Started GET "/assets/jquery_ujs.js?body=1" for ::1 at 2015-09-02 14:15:59 -0400


Started GET "/assets/posts.css?body=1" for ::1 at 2015-09-02 14:15:59 -0400


Started GET "/assets/jquery.js?body=1" for ::1 at 2015-09-02 14:15:59 -0400


Started GET "/assets/scaffolds.css?body=1" for ::1 at 2015-09-02 14:15:59 -0400


Started GET "/assets/posts.js?body=1" for ::1 at 2015-09-02 14:15:59 -0400


Started GET "/assets/application.js?body=1" for ::1 at 2015-09-02 14:15:59 -0400


Started POST "/posts" for ::1 at 2015-09-02 14:16:02 -0400
Processing by PostsController#create as HTML
  Parameters: {"utf8"=>"✓", "authenticity_token"=>"m1G+m2moK316XDwldPKExCF9xO51XqN0V4W6O01zNmRzsH2w/suyiddHTTeuH+pwO1o2XZIpeWEFGWJISZeU6Q==", "post"=>{"name"=>"My post", "content"=>"my post"}, "commit"=>"Create Post"}
Unpermitted parameter: content
  [1m[35m (0.1ms)[0m  begin transaction
  [1m[36m (0.1ms)[0m  [1mrollback transaction[0m
  Rendered posts/_form.html.erb (1.2ms)
  Rendered posts/new.html.erb within layouts/application (2.3ms)
Completed 200 OK in 12ms (Views: 8.2ms | ActiveRecord: 0.1ms)


Started GET "/assets/application.css?body=1" for ::1 at 2015-09-02 14:16:02 -0400


Started GET "/assets/posts.css?body=1" for ::1 at 2015-09-02 14:16:02 -0400


Started GET "/assets/jquery_ujs.js?body=1" for ::1 at 2015-09-02 14:16:02 -0400


Started GET "/assets/scaffolds.css?body=1" for ::1 at 2015-09-02 14:16:02 -0400


Started GET "/assets/posts.js?body=1" for ::1 at 2015-09-02 14:16:02 -0400


Started GET "/assets/jquery.js?body=1" for ::1 at 2015-09-02 14:16:02 -0400


Started GET "/assets/application.js?body=1" for ::1 at 2015-09-02 14:16:02 -0400


Started POST "/posts" for ::1 at 2015-09-02 14:16:49 -0400
Processing by PostsController#create as HTML
  Parameters: {"utf8"=>"✓", "authenticity_token"=>"m1G+m2moK316XDwldPKExCF9xO51XqN0V4W6O01zNmRzsH2w/suyiddHTTeuH+pwO1o2XZIpeWEFGWJISZeU6Q==", "post"=>{"name"=>"My post", "content"=>"my post"}, "commit"=>"Create Post"}
Unpermitted parameter: content
  [1m[35m (0.1ms)[0m  begin transaction
  [1m[36m (0.1ms)[0m  [1mrollback transaction[0m
  Rendered posts/_form.html.erb (2.6ms)
  Rendered posts/new.html.erb within layouts/application (4.1ms)
Completed 200 OK in 13ms (Views: 9.9ms | ActiveRecord: 0.2ms)


Started GET "/assets/application.css?body=1" for ::1 at 2015-09-02 14:16:49 -0400


Started GET "/assets/posts.css?body=1" for ::1 at 2015-09-02 14:16:49 -0400


Started GET "/assets/scaffolds.css?body=1" for ::1 at 2015-09-02 14:16:49 -0400


Started GET "/assets/jquery.js?body=1" for ::1 at 2015-09-02 14:16:49 -0400


Started GET "/assets/jquery_ujs.js?body=1" for ::1 at 2015-09-02 14:16:49 -0400


Started GET "/assets/application.js?body=1" for ::1 at 2015-09-02 14:16:49 -0400


Started GET "/assets/posts.js?body=1" for ::1 at 2015-09-02 14:16:49 -0400


Started POST "/posts" for ::1 at 2015-09-02 14:20:07 -0400
Processing by PostsController#create as HTML
  Parameters: {"utf8"=>"✓", "authenticity_token"=>"m1G+m2moK316XDwldPKExCF9xO51XqN0V4W6O01zNmRzsH2w/suyiddHTTeuH+pwO1o2XZIpeWEFGWJISZeU6Q==", "post"=>{"name"=>"My post", "content"=>"my post"}, "commit"=>"Create Post"}
Unpermitted parameter: content
  [1m[35m (0.1ms)[0m  begin transaction
  [1m[36m (10.9ms)[0m  [1mrollback transaction[0m
  Rendered posts/_form.html.erb (16.9ms)
  Rendered posts/new.html.erb within layouts/application (19.1ms)
Completed 500 Internal Server Error in 48ms

NoMethodError - undefined method `each' for nil:NilClass:
  app/views/posts/_form.html.erb:22:in `block in _app_views_posts__form_html_erb__4545229139762506651_70123289441280'
  actionview (4.2.0) lib/action_view/helpers/capture_helper.rb:38:in `block in capture'
  actionview (4.2.0) lib/action_view/helpers/capture_helper.rb:200:in `with_output_buffer'
  actionview (4.2.0) lib/action_view/helpers/capture_helper.rb:38:in `capture'
  actionview (4.2.0) lib/action_view/helpers/form_helper.rb:444:in `form_for'
  app/views/posts/_form.html.erb:1:in `_app_views_posts__form_html_erb__4545229139762506651_70123289441280'
  actionview (4.2.0) lib/action_view/template.rb:145:in `block in render'
  activesupport (4.2.0) lib/active_support/notifications.rb:166:in `instrument'
  actionview (4.2.0) lib/action_view/template.rb:333:in `instrument'
  actionview (4.2.0) lib/action_view/template.rb:143:in `render'
  actionview (4.2.0) lib/action_view/renderer/partial_renderer.rb:339:in `render_partial'
  actionview (4.2.0) lib/action_view/renderer/partial_renderer.rb:310:in `block in render'
  actionview (4.2.0) lib/action_view/renderer/abstract_renderer.rb:39:in `block in instrument'
  activesupport (4.2.0) lib/active_support/notifications.rb:164:in `block in instrument'
  activesupport (4.2.0) lib/active_support/notifications/instrumenter.rb:20:in `instrument'
  activesupport (4.2.0) lib/active_support/notifications.rb:164:in `instrument'
  actionview (4.2.0) lib/action_view/renderer/abstract_renderer.rb:39:in `instrument'
  actionview (4.2.0) lib/action_view/renderer/partial_renderer.rb:309:in `render'
  actionview (4.2.0) lib/action_view/renderer/renderer.rb:47:in `render_partial'
  actionview (4.2.0) lib/action_view/helpers/rendering_helper.rb:35:in `render'
  app/views/posts/new.html.erb:3:in `_app_views_posts_new_html_erb__3858664521130748557_70123279752660'
  actionview (4.2.0) lib/action_view/template.rb:145:in `block in render'
  activesupport (4.2.0) lib/active_support/notifications.rb:166:in `instrument'
  actionview (4.2.0) lib/action_view/template.rb:333:in `instrument'
  actionview (4.2.0) lib/action_view/template.rb:143:in `render'
  actionview (4.2.0) lib/action_view/renderer/template_renderer.rb:54:in `block (2 levels) in render_template'
  actionview (4.2.0) lib/action_view/renderer/abstract_renderer.rb:39:in `block in instrument'
  activesupport (4.2.0) lib/active_support/notifications.rb:164:in `block in instrument'
  activesupport (4.2.0) lib/active_support/notifications/instrumenter.rb:20:in `instrument'
  activesupport (4.2.0) lib/active_support/notifications.rb:164:in `instrument'
  actionview (4.2.0) lib/action_view/renderer/abstract_renderer.rb:39:in `instrument'
  actionview (4.2.0) lib/action_view/renderer/template_renderer.rb:53:in `block in render_template'
  actionview (4.2.0) lib/action_view/renderer/template_renderer.rb:61:in `render_with_layout'
  actionview (4.2.0) lib/action_view/renderer/template_renderer.rb:52:in `render_template'
  actionview (4.2.0) lib/action_view/renderer/template_renderer.rb:14:in `render'
  actionview (4.2.0) lib/action_view/renderer/renderer.rb:42:in `render_template'
  actionview (4.2.0) lib/action_view/renderer/renderer.rb:23:in `render'
  actionview (4.2.0) lib/action_view/rendering.rb:100:in `_render_template'
  actionpack (4.2.0) lib/action_controller/metal/streaming.rb:217:in `_render_template'
  actionview (4.2.0) lib/action_view/rendering.rb:83:in `render_to_body'
  actionpack (4.2.0) lib/action_controller/metal/rendering.rb:32:in `render_to_body'
  actionpack (4.2.0) lib/action_controller/metal/renderers.rb:37:in `render_to_body'
  actionpack (4.2.0) lib/abstract_controller/rendering.rb:25:in `render'
  actionpack (4.2.0) lib/action_controller/metal/rendering.rb:16:in `render'
  actionpack (4.2.0) lib/action_controller/metal/instrumentation.rb:41:in `block (2 levels) in render'
  activesupport (4.2.0) lib/active_support/core_ext/benchmark.rb:12:in `block in ms'
  /Users/gabrieleoconnor/.rvm/rubies/ruby-2.2.0/lib/ruby/2.2.0/benchmark.rb:303:in `realtime'
  activesupport (4.2.0) lib/active_support/core_ext/benchmark.rb:12:in `ms'
  actionpack (4.2.0) lib/action_controller/metal/instrumentation.rb:41:in `block in render'
  actionpack (4.2.0) lib/action_controller/metal/instrumentation.rb:84:in `cleanup_view_runtime'
  activerecord (4.2.0) lib/active_record/railties/controller_runtime.rb:25:in `cleanup_view_runtime'
  actionpack (4.2.0) lib/action_controller/metal/instrumentation.rb:40:in `render'
  app/controllers/posts_controller.rb:35:in `block (2 levels) in create'
  actionpack (4.2.0) lib/action_controller/metal/mime_responds.rb:216:in `respond_to'
  app/controllers/posts_controller.rb:30:in `create'
  actionpack (4.2.0) lib/action_controller/metal/implicit_render.rb:4:in `send_action'
  actionpack (4.2.0) lib/abstract_controller/base.rb:198:in `process_action'
  actionpack (4.2.0) lib/action_controller/metal/rendering.rb:10:in `process_action'
  actionpack (4.2.0) lib/abstract_controller/callbacks.rb:20:in `block in process_action'
  activesupport (4.2.0) lib/active_support/callbacks.rb:117:in `call'
  activesupport (4.2.0) lib/active_support/callbacks.rb:151:in `block in halting_and_conditional'
  activesupport (4.2.0) lib/active_support/callbacks.rb:234:in `block in halting'
  activesupport (4.2.0) lib/active_support/callbacks.rb:169:in `block in halting'
  activesupport (4.2.0) lib/active_support/callbacks.rb:92:in `_run_callbacks'
  activesupport (4.2.0) lib/active_support/callbacks.rb:734:in `_run_process_action_callbacks'
  activesupport (4.2.0) lib/active_support/callbacks.rb:81:in `run_callbacks'
  actionpack (4.2.0) lib/abstract_controller/callbacks.rb:19:in `process_action'
  actionpack (4.2.0) lib/action_controller/metal/rescue.rb:29:in `process_action'
  actionpack (4.2.0) lib/action_controller/metal/instrumentation.rb:31:in `block in process_action'
  activesupport (4.2.0) lib/active_support/notifications.rb:164:in `block in instrument'
  activesupport (4.2.0) lib/active_support/notifications/instrumenter.rb:20:in `instrument'
  activesupport (4.2.0) lib/active_support/notifications.rb:164:in `instrument'
  actionpack (4.2.0) lib/action_controller/metal/instrumentation.rb:30:in `process_action'
  actionpack (4.2.0) lib/action_controller/metal/params_wrapper.rb:250:in `process_action'
  activerecord (4.2.0) lib/active_record/railties/controller_runtime.rb:18:in `process_action'
  actionpack (4.2.0) lib/abstract_controller/base.rb:137:in `process'
  actionview (4.2.0) lib/action_view/rendering.rb:30:in `process'
  actionpack (4.2.0) lib/action_controller/metal.rb:195:in `dispatch'
  actionpack (4.2.0) lib/action_controller/metal/rack_delegation.rb:13:in `dispatch'
  actionpack (4.2.0) lib/action_controller/metal.rb:236:in `block in action'
  actionpack (4.2.0) lib/action_dispatch/routing/route_set.rb:73:in `dispatch'
  actionpack (4.2.0) lib/action_dispatch/routing/route_set.rb:42:in `serve'
  actionpack (4.2.0) lib/action_dispatch/journey/router.rb:43:in `block in serve'
  actionpack (4.2.0) lib/action_dispatch/journey/router.rb:30:in `serve'
  actionpack (4.2.0) lib/action_dispatch/routing/route_set.rb:802:in `call'
  rack (1.6.0) lib/rack/etag.rb:24:in `call'
  rack (1.6.0) lib/rack/conditionalget.rb:38:in `call'
  rack (1.6.0) lib/rack/head.rb:13:in `call'
  actionpack (4.2.0) lib/action_dispatch/middleware/params_parser.rb:27:in `call'
  actionpack (4.2.0) lib/action_dispatch/middleware/flash.rb:260:in `call'
  rack (1.6.0) lib/rack/session/abstract/id.rb:225:in `context'
  rack (1.6.0) lib/rack/session/abstract/id.rb:220:in `call'
  actionpack (4.2.0) lib/action_dispatch/middleware/cookies.rb:560:in `call'
  activerecord (4.2.0) lib/active_record/query_cache.rb:36:in `call'
  activerecord (4.2.0) lib/active_record/connection_adapters/abstract/connection_pool.rb:647:in `call'
  activerecord (4.2.0) lib/active_record/migration.rb:378:in `call'
  actionpack (4.2.0) lib/action_dispatch/middleware/callbacks.rb:29:in `block in call'
  activesupport (4.2.0) lib/active_support/callbacks.rb:88:in `_run_callbacks'
  activesupport (4.2.0) lib/active_support/callbacks.rb:734:in `_run_call_callbacks'
  activesupport (4.2.0) lib/active_support/callbacks.rb:81:in `run_callbacks'
  actionpack (4.2.0) lib/action_dispatch/middleware/callbacks.rb:27:in `call'
  actionpack (4.2.0) lib/action_dispatch/middleware/reloader.rb:73:in `call'
  actionpack (4.2.0) lib/action_dispatch/middleware/remote_ip.rb:78:in `call'
  better_errors (2.1.1) lib/better_errors/middleware.rb:84:in `protected_app_call'
  better_errors (2.1.1) lib/better_errors/middleware.rb:79:in `better_errors_call'
  better_errors (2.1.1) lib/better_errors/middleware.rb:57:in `call'
  actionpack (4.2.0) lib/action_dispatch/middleware/debug_exceptions.rb:17:in `call'
  actionpack (4.2.0) lib/action_dispatch/middleware/show_exceptions.rb:30:in `call'
  railties (4.2.0) lib/rails/rack/logger.rb:38:in `call_app'
  railties (4.2.0) lib/rails/rack/logger.rb:20:in `block in call'
  activesupport (4.2.0) lib/active_support/tagged_logging.rb:68:in `block in tagged'
  activesupport (4.2.0) lib/active_support/tagged_logging.rb:26:in `tagged'
  activesupport (4.2.0) lib/active_support/tagged_logging.rb:68:in `tagged'
  railties (4.2.0) lib/rails/rack/logger.rb:20:in `call'
  actionpack (4.2.0) lib/action_dispatch/middleware/request_id.rb:21:in `call'
  rack (1.6.0) lib/rack/methodoverride.rb:22:in `call'
  rack (1.6.0) lib/rack/runtime.rb:18:in `call'
  activesupport (4.2.0) lib/active_support/cache/strategy/local_cache_middleware.rb:28:in `call'
  rack (1.6.0) lib/rack/lock.rb:17:in `call'
  actionpack (4.2.0) lib/action_dispatch/middleware/static.rb:113:in `call'
  rack (1.6.0) lib/rack/sendfile.rb:113:in `call'
  railties (4.2.0) lib/rails/engine.rb:518:in `call'
  railties (4.2.0) lib/rails/application.rb:164:in `call'
  rack (1.6.0) lib/rack/lock.rb:17:in `call'
  rack (1.6.0) lib/rack/content_length.rb:15:in `call'
  rack (1.6.0) lib/rack/handler/webrick.rb:89:in `service'
  /Users/gabrieleoconnor/.rvm/rubies/ruby-2.2.0/lib/ruby/2.2.0/webrick/httpserver.rb:138:in `service'
  /Users/gabrieleoconnor/.rvm/rubies/ruby-2.2.0/lib/ruby/2.2.0/webrick/httpserver.rb:94:in `run'
  /Users/gabrieleoconnor/.rvm/rubies/ruby-2.2.0/lib/ruby/2.2.0/webrick/server.rb:294:in `block in start_thread'



Started POST "/__better_errors/3eb7a64f240ea234/variables" for ::1 at 2015-09-02 14:20:07 -0400


Started POST "/posts" for ::1 at 2015-09-02 14:30:35 -0400
Processing by PostsController#create as HTML
  Parameters: {"utf8"=>"✓", "authenticity_token"=>"m1G+m2moK316XDwldPKExCF9xO51XqN0V4W6O01zNmRzsH2w/suyiddHTTeuH+pwO1o2XZIpeWEFGWJISZeU6Q==", "post"=>{"name"=>"My post", "content"=>"my post"}, "commit"=>"Create Post"}
Unpermitted parameter: content
  [1m[35m (0.0ms)[0m  begin transaction
  [1m[36m (0.0ms)[0m  [1mrollback transaction[0m
  [1m[35mTag Load (0.5ms)[0m  SELECT "tags".* FROM "tags"
  Rendered posts/_form.html.erb (11.5ms)
  Rendered posts/new.html.erb within layouts/application (13.0ms)
Completed 200 OK in 34ms (Views: 20.6ms | ActiveRecord: 1.4ms)


Started GET "/assets/posts.css?body=1" for ::1 at 2015-09-02 14:30:35 -0400


Started GET "/assets/application.css?body=1" for ::1 at 2015-09-02 14:30:35 -0400


Started GET "/assets/scaffolds.css?body=1" for ::1 at 2015-09-02 14:30:35 -0400


Started GET "/assets/jquery.js?body=1" for ::1 at 2015-09-02 14:30:35 -0400


Started GET "/assets/application.js?body=1" for ::1 at 2015-09-02 14:30:35 -0400


Started GET "/assets/jquery_ujs.js?body=1" for ::1 at 2015-09-02 14:30:35 -0400


Started GET "/assets/posts.js?body=1" for ::1 at 2015-09-02 14:30:35 -0400
